F:\WORKSPACE_C++\SECURITYPRJ\MD5GPUCRACK\MD5GPUCRACK\X64\DEBUG\MAIN.I
F:\WORKSPACE_C++\SECURITYPRJ\MD5GPUCRACK\MD5GPUCRACK\X64\DEBUG\VC110.PDB
F:\WORKSPACE_C++\SECURITYPRJ\MD5GPUCRACK\MD5GPUCRACK\MAIN.I
F:\WORKSPACE_C++\SECURITYPRJ\MD5GPUCRACK\MD5GPUCRACK\STDAFX.I
F:\WORKSPACE_C++\SECURITYPRJ\MD5GPUCRACK\MD5GPUCRACK\UTILITY.I
F:\WORKSPACE_C++\SECURITYPRJ\MD5GPUCRACK\MD5GPUCRACK\X64\DEBUG\STDAFX.I
F:\WORKSPACE_C++\SECURITYPRJ\MD5GPUCRACK\MD5GPUCRACK\X64\DEBUG\UTILITY.I
F:\workspace_c++\securityPrj\md5GPUCrack\md5GPUCrack\x64\Debug\findMessage.cu.cache
F:\workspace_c++\securityPrj\md5GPUCrack\md5GPUCrack\x64\Debug\gupMD5.cu.cache
F:\workspace_c++\securityPrj\md5GPUCrack\md5GPUCrack\x64\Debug\initGPU.cu.cache
F:\workspace_c++\securityPrj\md5GPUCrack\md5GPUCrack\x64\Debug\main.cpp.cache
F:\workspace_c++\securityPrj\md5GPUCrack\md5GPUCrack\x64\Debug\findMessage.cu.obj
F:\workspace_c++\securityPrj\md5GPUCrack\md5GPUCrack\x64\Debug\gupMD5.cu.obj
F:\workspace_c++\securityPrj\md5GPUCrack\md5GPUCrack\x64\Debug\initGPU.cu.obj
F:\workspace_c++\securityPrj\md5GPUCrack\md5GPUCrack\x64\Debug\main.cpp.obj
F:\workspace_c++\securityPrj\md5GPUCrack\md5GPUCrack\x64\Debug\cl.command.1.tlog
F:\workspace_c++\securityPrj\md5GPUCrack\md5GPUCrack\x64\Debug\CL.read.1.tlog
F:\workspace_c++\securityPrj\md5GPUCrack\md5GPUCrack\x64\Debug\CL.write.1.tlog
F:\workspace_c++\securityPrj\md5GPUCrack\md5GPUCrack\x64\Debug\link.command.1.tlog
F:\workspace_c++\securityPrj\md5GPUCrack\md5GPUCrack\x64\Debug\link.read.1.tlog
F:\workspace_c++\securityPrj\md5GPUCrack\md5GPUCrack\x64\Debug\link.write.1.tlog
